c:\users\sijan\desktop\university work\advanced programming\assessed coursework\post-parasoft\acw_template\x64\release\acw_template.ipdb
c:\users\sijan\desktop\university work\advanced programming\assessed coursework\post-parasoft\acw_template\x64\release\acw_template.iobj
c:\temp\temp\acw_template\x64\release\vc141.pdb
c:\temp\temp\acw_template\x64\release\node.obj
c:\temp\temp\acw_template\x64\release\main.obj
c:\temp\temp\acw_template\x64\release\arc.obj
c:\users\sijan\desktop\university work\advanced programming\assessed coursework\post-parasoft\acw_template\x64\release\vc142.pdb
c:\users\sijan\desktop\university work\advanced programming\assessed coursework\post-parasoft\acw_template\x64\release\node.obj
c:\users\sijan\desktop\university work\advanced programming\assessed coursework\post-parasoft\acw_template\x64\release\navigation.obj
c:\users\sijan\desktop\university work\advanced programming\assessed coursework\post-parasoft\acw_template\x64\release\main.obj
c:\users\sijan\desktop\university work\advanced programming\assessed coursework\post-parasoft\acw_template\x64\release\arc.obj
c:\users\sijan\desktop\university work\advanced programming\assessed coursework\post-parasoft\acw_template\x64\release\acw_template.exe
c:\users\sijan\desktop\university work\advanced programming\assessed coursework\post-parasoft\acw_template\x64\release\acw_template.pdb
c:\users\sijan\desktop\university work\advanced programming\assessed coursework\post-parasoft\acw_template\x64\release\vc141.pdb
c:\users\sijan\desktop\university work\advanced programming\assessed coursework\post-parasoft\acw_template\x64\release\acw_template.tlog\acw_template.write.1u.tlog
c:\users\sijan\desktop\university work\advanced programming\assessed coursework\post-parasoft\acw_template\x64\release\acw_template.tlog\cl.command.1.tlog
c:\users\sijan\desktop\university work\advanced programming\assessed coursework\post-parasoft\acw_template\x64\release\acw_template.tlog\cl.read.1.tlog
c:\users\sijan\desktop\university work\advanced programming\assessed coursework\post-parasoft\acw_template\x64\release\acw_template.tlog\cl.write.1.tlog
c:\users\sijan\desktop\university work\advanced programming\assessed coursework\post-parasoft\acw_template\x64\release\acw_template.tlog\link.command.1.tlog
c:\users\sijan\desktop\university work\advanced programming\assessed coursework\post-parasoft\acw_template\x64\release\acw_template.tlog\link.read.1.tlog
c:\users\sijan\desktop\university work\advanced programming\assessed coursework\post-parasoft\acw_template\x64\release\acw_template.tlog\link.write.1.tlog
