c:\temp\temp\acw_template\debug\vc141.pdb
c:\temp\temp\acw_template\debug\vc141.idb
c:\temp\temp\acw_template\debug\node.obj
c:\temp\temp\acw_template\debug\main.obj
c:\temp\temp\acw_template\debug\arc.obj
c:\temp\temp\acw_template\debug\navigation.obj
c:\temp\temp\acw_template\debug\acw_template.ilk
c:\temp\temp\acw_template\debug\acw_template.exe
c:\temp\temp\acw_template\debug\acw_template.pdb
c:\users\sijan\desktop\university work\advanced programming\assessed coursework\post-parasoft\acw_template\debug\arc.obj
c:\users\sijan\desktop\university work\advanced programming\assessed coursework\post-parasoft\acw_template\debug\main.obj
c:\users\sijan\desktop\university work\advanced programming\assessed coursework\post-parasoft\acw_template\debug\navigation.obj
c:\users\sijan\desktop\university work\advanced programming\assessed coursework\post-parasoft\acw_template\debug\node.obj
c:\users\sijan\desktop\university work\advanced programming\assessed coursework\post-parasoft\acw_template\debug\acw_template.ilk
c:\users\sijan\desktop\university work\advanced programming\assessed coursework\post-parasoft\acw_template\debug\vc141.idb
c:\users\sijan\desktop\university work\advanced programming\assessed coursework\post-parasoft\acw_template\debug\acw_template.pdb
c:\users\sijan\desktop\university work\advanced programming\assessed coursework\post-parasoft\acw_template\debug\vc141.pdb
c:\users\sijan\desktop\university work\advanced programming\assessed coursework\post-parasoft\acw_template\debug\acw_template.exe
c:\users\sijan\desktop\university work\advanced programming\assessed coursework\post-parasoft\acw_template\debug\acw_template.tlog\cl.command.1.tlog
c:\users\sijan\desktop\university work\advanced programming\assessed coursework\post-parasoft\acw_template\debug\acw_template.tlog\cl.read.1.tlog
c:\users\sijan\desktop\university work\advanced programming\assessed coursework\post-parasoft\acw_template\debug\acw_template.tlog\cl.write.1.tlog
c:\users\sijan\desktop\university work\advanced programming\assessed coursework\post-parasoft\acw_template\debug\acw_template.tlog\link.command.1.tlog
c:\users\sijan\desktop\university work\advanced programming\assessed coursework\post-parasoft\acw_template\debug\acw_template.tlog\link.read.1.tlog
c:\users\sijan\desktop\university work\advanced programming\assessed coursework\post-parasoft\acw_template\debug\acw_template.tlog\link.write.1.tlog
